<?xml version="1.0" encoding="UTF-8"?>
<testng-results skipped="0" failed="0" ignored="0" total="1" passed="1">
  <reporter-output>
  </reporter-output>
  <suite name="Default suite" duration-ms="11469" started-at="2019-04-05T17:20:45Z" finished-at="2019-04-05T17:20:57Z">
    <groups>
    </groups>
    <test name="Default test" duration-ms="11469" started-at="2019-04-05T17:20:45Z" finished-at="2019-04-05T17:20:57Z">
      <class name="com.qa.ninja.testcases.LoginPageTest">
        <test-method status="PASS" signature="setUp()[pri:0, instance:com.qa.ninja.testcases.LoginPageTest@2b98378d]" name="setUp" is-config="true" duration-ms="9045" started-at="2019-04-05T22:50:45Z" finished-at="2019-04-05T22:50:54Z">
          <reporter-output>
          </reporter-output>
        </test-method> <!-- setUp -->
        <test-method status="PASS" signature="verifyLoginPage()[pri:0, instance:com.qa.ninja.testcases.LoginPageTest@2b98378d]" name="verifyLoginPage" duration-ms="2405" started-at="2019-04-05T22:50:54Z" finished-at="2019-04-05T22:50:57Z">
          <reporter-output>
          </reporter-output>
        </test-method> <!-- verifyLoginPage -->
      </class> <!-- com.qa.ninja.testcases.LoginPageTest -->
    </test> <!-- Default test -->
  </suite> <!-- Default suite -->
</testng-results>
